Using existing file nba.csv
Using existing file nba_relationship.txt
Using existing file nba.embedding
Using existing file region_job_2.csv
Using existing file region_job_2_relationship.txt
Using existing file region_job_2.embedding
Using existing file region_job.csv
Using existing file region_job_relationship.txt
Using existing file region_job.embedding
/gpfs/home6/scur1023/github/FACT-AI/models/fairgraph/utils/utils.py:14: UserWarning: torch.sparse.SparseTensor(indices, values, shape, *, device=) is deprecated.  Please use torch.sparse_coo_tensor(indices, values, shape, dtype=, device=). (Triggered internally at ../torch/csrc/utils/tensor_new.cpp:605.)
  pyt_sp_mx = torch.sparse.FloatTensor(torch.LongTensor(coords.T),
slurmstepd: error: *** JOB 5095962 ON gcn3 CANCELLED AT 2024-02-02T17:47:19 ***
slurmstepd: error: container_p_join: setns failed for /slurm/5095962/.ns: Invalid argument
slurmstepd: error: container_g_join(5095962): Invalid argument

JOB STATISTICS
==============
Job ID: 5095962
Cluster: snellius
User/Group: scur1023/scur1023
State: CANCELLED (exit code 0)
Nodes: 1
Cores per node: 18
CPU Utilized: 00:00:00
CPU Efficiency: 0.00% of 07:25:12 core-walltime
Job Wall-clock time: 00:24:44
Memory Utilized: 18.65 GB
Memory Efficiency: 31.08% of 60.00 GB
